===============================
========= EPOCH: 1 | i: 1 ===========
ODE | x,y | [-0.33453041315078735, -0.7561364769935608, 0.0]1.0
ODE | theta | [1.1545384693512426 1.005812389784046 1.1267366348938381; 0.9276847991033315 0.9496774134650742 0.9426179450729801; 0.8989817225900034 0.7589401018162344 1.1915872148248658]
ODE | w | Any[1.0, 1.0, 1.0]
ODE | z at t=T | [0.7311824201978396; 0.7668413552532269; 0.8168603170885761;;]
ODE | expected yhat | 2.314884092539643
ODE | yhat at t=T | 2.314884092539643
ODE | y | 1.0
ODE | loss | 0.8644600884068999
ODE | yhat at t=T | 2.314884092539643
ODE | Adjoint at t=T | [1.3148840925396428; 1.3148840925396428; 1.3148840925396428;;]
ODE | error: 1.3148840925396428
ODE | node_theta | [8.791400434633936e12 9.22014703532445e12 9.821551979798188e12; 6.181267316224598e11 6.48272069324837e11 6.905570813058726e11; 7.591862034006752e11 7.962108511138398e11 8.481455047448959e11]
-------------------- CRN ---------------------
(x, y) = ([-0.33453041315078735, -0.7561364769935608, 0.0], 1.0)
CRN | z at t=0 |---------------
Z1p: 0.0 | Z1m: 0.33453041315078735 | -0.33453041315078735
Z2p: 0.0 | Z2m: 0.7561364769935608 | -0.7561364769935608
Z3p: 0.0 | Z3m: 0.0 | 0.0
---------------------
H1p(t) => 0.21270066214278907
Z1p(t) => 0.484643969209237
H1m(t) => 0.0
Z1m(t) => 0.40211319388329575
Z2p(t) => 0.7567814691357494
Z2m(t) => 1.0385508037866915
Z3p(t) => 0.3647992381814111
Z3m(t) => 0.019452890787313524
P11p(t) => 0.0
X1p(t) => 0.0
P11m(t) => 0.0
X1m(t) => 0.0
P12p(t) => 0.0
X2p(t) => 0.0
P12m(t) => 0.0
X2m(t) => 0.0
P13p(t) => 0.0
X3p(t) => 0.0
P13m(t) => 0.0
X3m(t) => 0.0
P21p(t) => 0.0
P21m(t) => 0.0
P22p(t) => 0.0
P22m(t) => 0.0
P23p(t) => 0.0
P23m(t) => 0.0
P31p(t) => 0.0
P31m(t) => 0.0
P32p(t) => 0.0
P32m(t) => 0.0
P33p(t) => 0.0
P33m(t) => 0.0
B1p(t) => 0.0
B1m(t) => 0.0
B2p(t) => 0.0
B2m(t) => 0.0
B3p(t) => 0.0
B3m(t) => 0.0
CRN | z at t=T |---------------
Z1p: 0.484643969209237 | Z1m: 0.40211319388329575 | 0.08253077532594127
Z2p: 0.7567814691357494 | Z2m: 1.0385508037866915 | -0.2817693346509421
Z3p: 0.3647992381814111 | Z3m: 0.019452890787313524 | 0.34534634739409753
---------------------
